Jan-11 09:12:52.505 [main] DEBUG nextflow.cli.Launcher - $> nextflow run main.nf --mbr true -profile docker,test
Jan-11 09:12:52.651 [main] INFO  nextflow.cli.CmdRun - N E X T F L O W  ~  version 20.04.1
Jan-11 09:12:52.666 [main] INFO  nextflow.cli.CmdRun - Launching `main.nf` [kickass_avogadro] - revision: 8e7e389043
Jan-11 09:12:52.687 [main] DEBUG nextflow.config.ConfigBuilder - Found config local: /home/veits/devel/Bioinformatics/ELIXIR_EDAM/IS_Benchmarking/Compomics/Nextflow/nextflow.config
Jan-11 09:12:52.688 [main] DEBUG nextflow.config.ConfigBuilder - Parsing config file: /home/veits/devel/Bioinformatics/ELIXIR_EDAM/IS_Benchmarking/Compomics/Nextflow/nextflow.config
Jan-11 09:12:52.719 [main] DEBUG nextflow.config.ConfigBuilder - Applying config profile: `docker,test`
Jan-11 09:12:53.148 [main] DEBUG nextflow.config.ConfigBuilder - Available config profiles: [debug, test, conda, awsbatch, singularity, docker]
Jan-11 09:12:53.195 [main] DEBUG nextflow.Session - Session uuid: 009a286f-1da2-451e-afe8-a41f8595174a
Jan-11 09:12:53.195 [main] DEBUG nextflow.Session - Run name: kickass_avogadro
Jan-11 09:12:53.195 [main] DEBUG nextflow.Session - Executor pool size: 12
Jan-11 09:12:53.232 [main] DEBUG nextflow.cli.CmdRun - 
  Version: 20.04.1 build 5335
  Created: 03-05-2020 19:37 UTC (21:37 CEST)
  System: Linux 5.4.0-58-generic
  Runtime: Groovy 2.5.8 on OpenJDK 64-Bit Server VM 11.0.9.1+1-Ubuntu-0ubuntu1.20.04
  Encoding: UTF-8 (UTF-8)
  Process: 373379@adm-125488 [127.0.0.1]
  CPUs: 12 - Mem: 31.2 GB (5.7 GB) - Swap: 976 MB (963 MB)
Jan-11 09:12:53.254 [main] DEBUG nextflow.Session - Work-dir: /home/veits/devel/Bioinformatics/ELIXIR_EDAM/IS_Benchmarking/Compomics/Nextflow/work [ext2/ext3]
Jan-11 09:12:53.254 [main] DEBUG nextflow.Session - Script base path does not exist or is not a directory: /home/veits/devel/Bioinformatics/ELIXIR_EDAM/IS_Benchmarking/Compomics/Nextflow/bin
Jan-11 09:12:53.275 [main] DEBUG nextflow.Session - Observer factory: TowerFactory
Jan-11 09:12:53.278 [main] DEBUG nextflow.Session - Observer factory: DefaultObserverFactory
Jan-11 09:12:53.426 [main] DEBUG nextflow.Session - Session start invoked
Jan-11 09:12:53.756 [main] DEBUG nextflow.script.ScriptRunner - > Launching execution
Jan-11 09:12:53.765 [main] DEBUG nextflow.Session - Workflow process names [dsl1]: create_searchgui_paramfile, get_peptideshaker_tsv, convert_raw_mzml, flashLFQ_all, run_msqrob, run_peptideshaker, create_decoy_database, run_searchgui_search
Jan-11 09:12:53.814 [PathVisitor-1] DEBUG nextflow.file.PathVisitor - files for syntax: glob; folder: data/; pattern: *.raw; options: [:]
Jan-11 09:12:53.891 [PathVisitor-1] DEBUG nextflow.file.PathVisitor - files for syntax: glob; folder: data/; pattern: *.fasta; options: [:]
Jan-11 09:12:53.900 [main] WARN  nextflow.Nextflow - No experimental design! All raw files will be considered being from the one and the same experimental condition.
Jan-11 09:12:53.965 [main] DEBUG nextflow.executor.ExecutorFactory - << taskConfig executor: null
Jan-11 09:12:53.965 [main] DEBUG nextflow.executor.ExecutorFactory - >> processorType: 'local'
Jan-11 09:12:53.971 [main] DEBUG nextflow.executor.Executor - [warm up] executor > local
Jan-11 09:12:53.977 [main] DEBUG n.processor.LocalPollingMonitor - Creating local task monitor for executor 'local' > cpus=12; memory=31.2 GB; capacity=12; pollInterval=100ms; dumpInterval=5m
Jan-11 09:12:54.052 [main] DEBUG nextflow.executor.ExecutorFactory - << taskConfig executor: null
Jan-11 09:12:54.052 [main] DEBUG nextflow.executor.ExecutorFactory - >> processorType: 'local'
Jan-11 09:12:54.059 [main] DEBUG nextflow.executor.ExecutorFactory - << taskConfig executor: null
Jan-11 09:12:54.059 [main] DEBUG nextflow.executor.ExecutorFactory - >> processorType: 'local'
Jan-11 09:12:54.091 [main] DEBUG nextflow.executor.ExecutorFactory - << taskConfig executor: null
Jan-11 09:12:54.091 [main] DEBUG nextflow.executor.ExecutorFactory - >> processorType: 'local'
Jan-11 09:12:54.111 [main] DEBUG nextflow.processor.TaskProcessor - Creating *combiner* operator for each param(s) at index(es): [0]
Jan-11 09:12:54.136 [main] DEBUG nextflow.executor.ExecutorFactory - << taskConfig executor: null
Jan-11 09:12:54.136 [main] DEBUG nextflow.executor.ExecutorFactory - >> processorType: 'local'
Jan-11 09:12:54.141 [main] DEBUG nextflow.processor.TaskProcessor - Creating *combiner* operator for each param(s) at index(es): [1]
Jan-11 09:12:54.148 [main] DEBUG nextflow.executor.ExecutorFactory - << taskConfig executor: null
Jan-11 09:12:54.148 [main] DEBUG nextflow.executor.ExecutorFactory - >> processorType: 'local'
Jan-11 09:12:54.165 [main] DEBUG nextflow.executor.ExecutorFactory - << taskConfig executor: null
Jan-11 09:12:54.166 [main] DEBUG nextflow.executor.ExecutorFactory - >> processorType: 'local'
Jan-11 09:12:54.178 [main] DEBUG nextflow.executor.ExecutorFactory - << taskConfig executor: null
Jan-11 09:12:54.178 [main] DEBUG nextflow.executor.ExecutorFactory - >> processorType: 'local'
Jan-11 09:12:54.185 [main] DEBUG nextflow.script.ScriptRunner - > Await termination 
Jan-11 09:12:54.186 [main] DEBUG nextflow.Session - Session await
Jan-11 09:12:54.227 [Task submitter] DEBUG nextflow.executor.LocalTaskHandler - Launch cmd line: /bin/bash -ue .command.run
Jan-11 09:12:54.232 [Task submitter] INFO  nextflow.Session - [08/a8ab90] Submitted process > convert_raw_mzml (2)
Jan-11 09:12:54.243 [Task submitter] DEBUG nextflow.executor.LocalTaskHandler - Launch cmd line: /bin/bash -ue .command.run
Jan-11 09:12:54.243 [Task submitter] INFO  nextflow.Session - [ea/331871] Submitted process > create_decoy_database (1)
Jan-11 09:12:54.261 [Task submitter] DEBUG nextflow.executor.LocalTaskHandler - Launch cmd line: /bin/bash -ue .command.run
Jan-11 09:12:54.261 [Task submitter] INFO  nextflow.Session - [0c/4c02f2] Submitted process > convert_raw_mzml (1)
Jan-11 09:12:54.267 [Task submitter] DEBUG nextflow.executor.LocalTaskHandler - Launch cmd line: /bin/bash -ue .command.run
Jan-11 09:12:54.267 [Task submitter] INFO  nextflow.Session - [62/9db3cb] Submitted process > create_searchgui_paramfile
Jan-11 09:12:56.643 [Task monitor] DEBUG n.processor.TaskPollingMonitor - Task completed > TaskHandler[id: 4; name: create_searchgui_paramfile; status: COMPLETED; exit: 0; error: -; workDir: /home/veits/devel/Bioinformatics/ELIXIR_EDAM/IS_Benchmarking/Compomics/Nextflow/work/62/9db3cb06f03c22e0a82a5f53226094]
Jan-11 09:12:58.883 [Task monitor] DEBUG n.processor.TaskPollingMonitor - Task completed > TaskHandler[id: 3; name: create_decoy_database (1); status: COMPLETED; exit: 0; error: -; workDir: /home/veits/devel/Bioinformatics/ELIXIR_EDAM/IS_Benchmarking/Compomics/Nextflow/work/ea/3318715d19dd89005fe924d9523c64]
Jan-11 09:13:01.454 [Task monitor] DEBUG n.processor.TaskPollingMonitor - Task completed > TaskHandler[id: 2; name: convert_raw_mzml (2); status: COMPLETED; exit: 0; error: -; workDir: /home/veits/devel/Bioinformatics/ELIXIR_EDAM/IS_Benchmarking/Compomics/Nextflow/work/08/a8ab90f45fedacd32991464e4c28c3]
Jan-11 09:13:01.765 [Task monitor] DEBUG n.processor.TaskPollingMonitor - Task completed > TaskHandler[id: 1; name: convert_raw_mzml (1); status: COMPLETED; exit: 0; error: -; workDir: /home/veits/devel/Bioinformatics/ELIXIR_EDAM/IS_Benchmarking/Compomics/Nextflow/work/0c/4c02f2e286da7ae67029b21f592594]
Jan-11 09:13:01.815 [Task submitter] DEBUG nextflow.executor.LocalTaskHandler - Launch cmd line: /bin/bash -ue .command.run
Jan-11 09:13:01.815 [Task submitter] INFO  nextflow.Session - [15/adc72e] Submitted process > run_searchgui_search (1)
Jan-11 09:13:01.823 [Task submitter] DEBUG nextflow.executor.LocalTaskHandler - Launch cmd line: /bin/bash -ue .command.run
Jan-11 09:13:01.824 [Task submitter] INFO  nextflow.Session - [5a/03d6af] Submitted process > run_searchgui_search (2)
Jan-11 09:13:15.128 [Task monitor] DEBUG n.processor.TaskPollingMonitor - Task completed > TaskHandler[id: 5; name: run_searchgui_search (1); status: COMPLETED; exit: 0; error: -; workDir: /home/veits/devel/Bioinformatics/ELIXIR_EDAM/IS_Benchmarking/Compomics/Nextflow/work/15/adc72e243b57e49081326f18eb976b]
Jan-11 09:13:15.155 [Task submitter] DEBUG nextflow.executor.LocalTaskHandler - Launch cmd line: /bin/bash -ue .command.run
Jan-11 09:13:15.156 [Task submitter] INFO  nextflow.Session - [57/279485] Submitted process > run_peptideshaker (1)
Jan-11 09:13:16.334 [Task monitor] DEBUG n.processor.TaskPollingMonitor - Task completed > TaskHandler[id: 6; name: run_searchgui_search (2); status: COMPLETED; exit: 0; error: -; workDir: /home/veits/devel/Bioinformatics/ELIXIR_EDAM/IS_Benchmarking/Compomics/Nextflow/work/5a/03d6afb5baf1675b4ee72fc4b11cc6]
Jan-11 09:13:16.347 [Task submitter] DEBUG nextflow.executor.LocalTaskHandler - Launch cmd line: /bin/bash -ue .command.run
Jan-11 09:13:16.347 [Task submitter] INFO  nextflow.Session - [f7/9960d1] Submitted process > run_peptideshaker (2)
Jan-11 09:14:33.204 [Task monitor] DEBUG n.processor.TaskPollingMonitor - Task completed > TaskHandler[id: 7; name: run_peptideshaker (1); status: COMPLETED; exit: 0; error: -; workDir: /home/veits/devel/Bioinformatics/ELIXIR_EDAM/IS_Benchmarking/Compomics/Nextflow/work/57/279485c02ed384072cae780791d25e]
Jan-11 09:14:33.231 [Task submitter] DEBUG nextflow.executor.LocalTaskHandler - Launch cmd line: /bin/bash -ue .command.run
Jan-11 09:14:33.232 [Task submitter] INFO  nextflow.Session - [62/f82dcd] Submitted process > get_peptideshaker_tsv (1)
Jan-11 09:14:33.854 [Task monitor] DEBUG n.processor.TaskPollingMonitor - Task completed > TaskHandler[id: 8; name: run_peptideshaker (2); status: COMPLETED; exit: 0; error: -; workDir: /home/veits/devel/Bioinformatics/ELIXIR_EDAM/IS_Benchmarking/Compomics/Nextflow/work/f7/9960d199a93108522ce7a56c30bb75]
Jan-11 09:14:33.864 [Task submitter] DEBUG nextflow.executor.LocalTaskHandler - Launch cmd line: /bin/bash -ue .command.run
Jan-11 09:14:33.864 [Task submitter] INFO  nextflow.Session - [22/bbf834] Submitted process > get_peptideshaker_tsv (2)
Jan-11 09:14:44.307 [Task monitor] DEBUG n.processor.TaskPollingMonitor - Task completed > TaskHandler[id: 9; name: get_peptideshaker_tsv (1); status: COMPLETED; exit: 0; error: -; workDir: /home/veits/devel/Bioinformatics/ELIXIR_EDAM/IS_Benchmarking/Compomics/Nextflow/work/62/f82dcd98fa81acb2a7d7f80c689458]
Jan-11 09:14:45.615 [Task monitor] DEBUG n.processor.TaskPollingMonitor - Task completed > TaskHandler[id: 10; name: get_peptideshaker_tsv (2); status: COMPLETED; exit: 0; error: -; workDir: /home/veits/devel/Bioinformatics/ELIXIR_EDAM/IS_Benchmarking/Compomics/Nextflow/work/22/bbf8346781619aa85e75806cb8d59a]
Jan-11 09:14:45.666 [Task submitter] DEBUG nextflow.executor.LocalTaskHandler - Launch cmd line: /bin/bash -ue .command.run
Jan-11 09:14:45.667 [Task submitter] INFO  nextflow.Session - [85/29c284] Submitted process > flashLFQ_all
Jan-11 09:14:52.283 [Task monitor] DEBUG n.processor.TaskPollingMonitor - Task completed > TaskHandler[id: 11; name: flashLFQ_all; status: COMPLETED; exit: 0; error: -; workDir: /home/veits/devel/Bioinformatics/ELIXIR_EDAM/IS_Benchmarking/Compomics/Nextflow/work/85/29c28484de72e8b95212ae4ab022b1]
Jan-11 09:14:52.294 [Task submitter] DEBUG nextflow.executor.LocalTaskHandler - Launch cmd line: /bin/bash -ue .command.run
Jan-11 09:14:52.295 [Task submitter] INFO  nextflow.Session - [c6/c520f5] Submitted process > run_msqrob (1)
Jan-11 09:15:08.609 [Task monitor] DEBUG n.processor.TaskPollingMonitor - Task completed > TaskHandler[id: 12; name: run_msqrob (1); status: COMPLETED; exit: 0; error: -; workDir: /home/veits/devel/Bioinformatics/ELIXIR_EDAM/IS_Benchmarking/Compomics/Nextflow/work/c6/c520f5579dc687604372cb0b154b7f]
Jan-11 09:15:08.611 [main] DEBUG nextflow.Session - Session await > all process finished
Jan-11 09:15:08.612 [main] DEBUG nextflow.Session - Session await > all barriers passed
Jan-11 09:15:08.614 [main] INFO  nextflow.Nextflow - 
Done! Open the files in the following folder --> ./results

Jan-11 09:15:08.618 [main] DEBUG nextflow.trace.WorkflowStatsObserver - Workflow completed > WorkflowStats[succeededCount=12; failedCount=0; ignoredCount=0; cachedCount=0; pendingCount=0; submittedCount=0; runningCount=0; retriesCount=0; abortedCount=0; succeedDuration=4m 10s; failedDuration=0ms; cachedDuration=0ms;loadCpus=0; loadMemory=0; peakRunning=4; peakCpus=4; peakMemory=24 GB; ]
Jan-11 09:15:08.807 [main] DEBUG nextflow.CacheDB - Closing CacheDB done
Jan-11 09:15:08.839 [main] DEBUG nextflow.script.ScriptRunner - > Execution complete -- Goodbye
