Path configuration completed.

Wed May 11 13:47:34 UTC 2022 Importing spectrum files.
Wed May 11 13:47:34 UTC 2022 Importing spectrum file OVEMB150205_12.mzML
10% 20% 30% 40% 50% 60% 70% 80% 90% 100%
Wed May 11 13:47:35 UTC 2022 Importing spectrum files completed (1.1 seconds).



Processing: OVEMB150205_12.mzML (1/1)
Wed May 11 13:47:35 UTC 2022 Converting spectrum file OVEMB150205_12.mzML to peak list.
10% 20% 30% 40% 50% 60% 70% 80% 90%



myrimatch command: 
/opt/conda/envs/nf-core-compomics-workflow/share/searchgui-4.0.33-0/resources/MyriMatch/linux/linux_64bit/myrimatch -cpus 2 -ProteinDatabase /home/veits/devel/Bioinformatics/ELIXIR_EDAM/WOMBAT-P/Compomics-Workflow/Nextflow/work/00/58c91c6ce9bb473e31f8b7b734676c/./ABRF_iPRG_2012_target_concatenated_target_decoy.fasta /home/veits/devel/Bioinformatics/ELIXIR_EDAM/WOMBAT-P/Compomics-Workflow/Nextflow/work/00/58c91c6ce9bb473e31f8b7b734676c/./tmp/peak_lists/OVEMB150205_12.mgf -OutputFormat mzIdentML -workdir /home/veits/devel/Bioinformatics/ELIXIR_EDAM/WOMBAT-P/Compomics-Workflow/Nextflow/work/00/58c91c6ce9bb473e31f8b7b734676c/./.SearchGUI_temp -OutputSuffix .myrimatch -DecoyPrefix "" -MinPeptideLength 8 -MaxPeptideLength 30 -MaxResultRank 10 -SpectrumListFilters "" -FragmentMzTolerance "0.5 daltons" -MonoPrecursorMzTolerance "30.0 ppm" -PrecursorMzToleranceRule "mono" -StaticMods "C 57.021464" -DynamicMods "M 0 15.994915" -MaxDynamicMods 2 -StatusUpdateFrequency 10 -NumChargeStates 3 -TicCutoffPercentage 0.98 -MinPeptideMass 600.0 -MaxPeptideMass 5000.0 -UseSmartPlusThreeModel false -ComputeXCorr false -NumIntensityClasses 3 -ClassSizeMultiplier 2 -NumBatches 50 -MaxPeakCount 300 -MonoisotopeAdjustmentSet [0,1] -FragmentationAutoRule false -FragmentationRule "cid" -CleavageRules "Trypsin" -MinTerminiCleavages 2 -MaxMissedCleavages 1 

Wed May 11 13:47:36 UTC 2022 Processing OVEMB150205_12.mgf with MyriMatch.

Process #0 (807bd8f24b3a) is starting.
MyriMatch 2.2.10165 (2016-11-7)
FreiCore 1.6.11103 (2017-7-14)
ProteoWizard MSData 3.0.11841 (2018-3-8)
ProteoWizard Proteome 3.0.11579 (2017-11-14)
Vanderbilt University (c) 2012, D.Tabb/M.Chambers/S.Dasari
Licensed under the Apache License, Version 2.0

Could not find the default configuration file (hard-coded defaults in use).
Reading "/home/veits/devel/Bioinformatics/ELIXIR_EDAM/WOMBAT-P/Compomics-Workflow/Nextflow/work/00/58c91c6ce9bb473e31f8b7b734676c/./ABRF_iPRG_2012_target_concatenated_target_decoy.fasta"
Read 84900 proteins; 0.389573 seconds elapsed.
Reading spectra from file "/home/veits/devel/Bioinformatics/ELIXIR_EDAM/WOMBAT-P/Compomics-Workflow/Nextflow/work/00/58c91c6ce9bb473e31f8b7b734676c/./tmp/peak_lists/OVEMB150205_12.mgf"
Read 1035 spectra with 573634 peaks; 0.381619 seconds elapsed.
Preparing 1035 spectra.
Trimming spectra with less than 7 peaks.
Trimmed 0 spectra for being too sparse.
Preprocessing 1035 spectra.
Finished preprocessing its spectra; 0.263362 seconds elapsed.
Trimming spectra with less than 7 peaks.
Trimming spectra with precursors too small or large: 600 - 5000
Trimmed 0 spectra.
Finished preparing spectra; 0.263443 seconds elapsed.
Mean original (filtered) peak count: 554 (284)
Min/max original (filtered) peak count: 73 (60) / 983 (300)
Original (filtered) peak count at 1st/2nd/3rd quartiles: 465 (298), 567 (298), 656 (298)
Filtered out 48.7365% of peaks.
Monoisotopic mass precursor hypotheses: 2070
Average mass precursor hypotheses: 0
Min. effective peptide mass is 763.995
Max. effective peptide mass is 3539.42
Min. effective peptide length is 8
Max. effective peptide length is 30
Commencing database search on 1035 spectra.
Searched 64540 of 84900 proteins; 6454 per second, 00:00:10 elapsed, 00:00:03 remaining.
Finished database search; 13.1806 seconds elapsed.
Overall stats: 84900 proteins; 5133141 peptides; 7118458 variants; 1438843 comparisons
Writing search results to file "OVEMB150205_12.mgf.myrimatch.mzid".
Finished file "/home/veits/devel/Bioinformatics/ELIXIR_EDAM/WOMBAT-P/Compomics-Workflow/Nextflow/work/00/58c91c6ce9bb473e31f8b7b734676c/./tmp/peak_lists/OVEMB150205_12.mgf"; 14.0778 seconds elapsed.


Wed May 11 13:47:51 UTC 2022 MyriMatch finished for OVEMB150205_12.mgf (14.5 seconds).

Wed May 11 13:47:51 UTC 2022 Zipping output files.

10% 20% 30% 40% 50% 60% 70% 80% 90%
Wed May 11 13:47:51 UTC 2022 Search Completed (16.5 seconds).



Search Completed.

